2022-11-15 13:43:56,300 10173 [main] INFO  AbstractCommand - CraftAmmunitionCommand is executed
2022-11-15 13:43:57,531 11404 [main] INFO  AbstractCommand - CraftAmmunitionCommand is executed
2022-11-15 13:43:58,500 12373 [main] INFO  AbstractCommand - CraftAmmunitionCommand is executed
2022-11-15 13:43:59,136 13009 [main] INFO  AbstractCommand - CraftAmmunitionCommand is executed
2022-11-15 13:44:01,653 15526 [main] INFO  AbstractCommand - PrintTotalAmmunitionCommand is executed
2022-11-15 13:44:03,069 16942 [main] INFO  AbstractCommand - DeleteAmmunitionCommandById is executed
2022-11-15 13:44:08,726 22599 [main] INFO  AbstractCommand - PrintTotalAmmunitionCostCommand is executed
2022-11-15 13:44:10,887 24760 [main] INFO  AbstractCommand - PrintAllAmmunitionSortedByWeightCommand is executed
2022-11-15 13:44:13,796 27669 [main] INFO  AbstractCommand - ExitProgramCommand is executed
2022-11-15 13:47:00,001 418  [main] INFO  o.example.service.AmmunitionService - App is started
2022-11-15 13:48:43,805 446  [main] INFO  o.example.service.AmmunitionService - App is started
2022-11-15 13:48:48,420 5061 [main] INFO  AbstractCommand - CraftAmmunitionCommand is executed
2022-11-15 13:48:48,922 5563 [main] INFO  AbstractCommand - CraftAmmunitionCommand is executed
2022-11-15 13:48:49,382 6023 [main] INFO  AbstractCommand - CraftAmmunitionCommand is executed
2022-11-15 13:48:49,826 6467 [main] INFO  AbstractCommand - CraftAmmunitionCommand is executed
2022-11-15 13:48:58,213 14854 [main] INFO  AbstractCommand - DeleteAmmunitionCommandById is executed
2022-11-15 13:48:58,965 15606 [main] WARN  o.example.service.AmmunitionService - Input data for delete was incorrect
2022-11-15 13:49:11,336 27977 [main] INFO  AbstractCommand - EmptyCommand is executed
2022-11-15 13:51:10,257 432  [main] INFO  o.example.service.AmmunitionService - App is started
2022-11-15 13:51:13,562 3737 [main] INFO  AbstractCommand - EmptyCommand is executed
2022-11-15 13:51:13,563 3738 [main] WARN  org.example.command.ConsoleControl - Incorrect input. Try again
2022-11-15 13:51:28,230 18405 [main] WARN  org.example.command.ConsoleControl - Incorrect input. Try again
2022-11-15 13:51:30,057 20232 [main] WARN  org.example.command.ConsoleControl - Incorrect input. Try again
2022-11-15 13:51:33,966 24141 [main] INFO  AbstractCommand - PrintAllAmmunitionInCostRangeCommand is executed
2022-11-15 13:51:40,604 30779 [main] INFO  AbstractCommand - ExitProgramCommand is executed
2022-11-17 22:45:52,777 272  [main] INFO  o.example.service.AmmunitionService - App is started
2022-11-17 22:49:45,154 211  [main] INFO  o.example.service.AmmunitionService - App is started
2022-11-17 22:51:13,124 226  [main] INFO  o.example.service.AmmunitionService - App is started
2022-11-17 22:51:19,458 6560 [main] INFO  AbstractCommand - PrintTotalAmmunitionCommand is executed
2022-11-17 22:51:31,193 18295 [main] INFO  AbstractCommand - CraftAmmunitionCommand is executed
2022-11-17 22:53:53,434 206  [main] INFO  o.example.service.AmmunitionService - App is started
2022-11-17 22:53:56,607 3379 [main] INFO  AbstractCommand - CraftAmmunitionCommand is executed
2022-11-17 23:05:06,836 243  [main] INFO  o.example.service.AmmunitionService - App is started
2022-11-17 23:05:09,754 3161 [main] INFO  AbstractCommand - CraftAmmunitionCommand is executed
2022-11-17 23:05:13,605 7012 [main] INFO  AbstractCommand - ExitProgramCommand is executed
2022-11-17 23:11:46,383 214  [main] INFO  o.example.service.AmmunitionService - App is started
2022-11-17 23:47:30,358 2144189 [main] INFO  AbstractCommand - CraftAmmunitionCommand is executed
2022-11-17 23:47:38,625 2152456 [main] INFO  AbstractCommand - PrintTotalAmmunitionCostCommand is executed
2022-11-17 23:47:48,097 2161928 [main] INFO  AbstractCommand - PrintTotalAmmunitionCommand is executed
2022-11-17 23:47:53,056 2166887 [main] INFO  AbstractCommand - CraftAmmunitionCommand is executed
2022-11-17 23:47:58,191 2172022 [main] INFO  AbstractCommand - PrintTotalAmmunitionCommand is executed
2022-11-17 23:48:09,503 2183334 [main] INFO  AbstractCommand - PrintAllAmmunitionSortedByWeightCommand is executed
2022-11-17 23:48:15,365 2189196 [main] INFO  AbstractCommand - PrintAllAmmunitionInCostRangeCommand is executed
2022-11-17 23:56:37,422 2691253 [main] INFO  AbstractCommand - DeleteAmmunitionCommandById is executed
2022-11-21 10:50:15,966 422  [main] INFO  o.example.service.AmmunitionService - App is started
2022-11-21 10:53:04,403 313  [main] INFO  o.example.service.AmmunitionService - App is started
2022-11-21 10:53:48,326 274  [main] INFO  o.example.service.AmmunitionService - App is started
2022-11-21 10:55:42,424 280  [main] INFO  o.example.service.AmmunitionService - App is started
2022-11-21 10:58:17,362 319  [main] INFO  o.example.service.AmmunitionService - App is started
2022-11-29 21:21:29,883 257  [main] INFO  o.example.service.AmmunitionService - App is started
2022-11-29 21:21:34,489 4863 [main] INFO  AbstractCommand - PrintTotalAmmunitionCommand is executed
2022-11-29 21:21:37,584 7958 [main] INFO  AbstractCommand - CraftAmmunitionCommand is executed
2022-11-29 21:22:47,040 77414 [main] INFO  AbstractCommand - CraftAmmunitionCommand is executed
2022-11-29 21:22:50,689 81063 [main] INFO  AbstractCommand - CraftAmmunitionCommand is executed
2022-11-29 21:24:27,995 178369 [main] INFO  AbstractCommand - CraftAmmunitionCommand is executed
2022-11-29 22:12:14,169 3044543 [main] INFO  AbstractCommand - PrintTotalAmmunitionCommand is executed
2022-11-29 22:12:26,469 3056843 [main] INFO  AbstractCommand - DeleteAmmunitionCommandById is executed
2022-11-29 22:20:30,286 316  [main] INFO  o.example.service.AmmunitionService - App is started
2022-11-29 22:20:32,316 2346 [main] INFO  AbstractCommand - CraftAmmunitionCommand is executed
2022-11-29 22:20:34,419 4449 [main] INFO  AbstractCommand - PrintTotalAmmunitionCommand is executed
2022-11-29 22:20:42,601 12631 [main] INFO  AbstractCommand - PrintTotalAmmunitionCostCommand is executed
2022-11-29 22:20:51,464 21494 [main] INFO  AbstractCommand - CraftAmmunitionCommand is executed
2022-11-29 22:20:54,075 24105 [main] INFO  AbstractCommand - PrintTotalAmmunitionCostCommand is executed
2022-11-29 22:22:01,655 295  [main] INFO  o.example.service.AmmunitionService - App is started
2022-11-29 22:22:03,824 2464 [main] INFO  AbstractCommand - CraftAmmunitionCommand is executed
2022-11-30 02:16:22,045 339  [main] INFO  o.example.service.AmmunitionService - App is started
2022-11-30 02:16:26,682 4976 [main] INFO  AbstractCommand - CraftAmmunitionCommand is executed
2022-11-30 02:16:56,119 34413 [main] INFO  AbstractCommand - CraftAmmunitionCommand is executed
2022-11-30 02:17:05,946 44240 [main] INFO  AbstractCommand - CraftAmmunitionCommand is executed
2022-11-30 02:17:19,998 58292 [main] INFO  AbstractCommand - CraftAmmunitionCommand is executed
2022-11-30 02:20:08,307 214  [main] INFO  o.example.service.AmmunitionService - App is started
2022-11-30 02:20:10,701 2608 [main] INFO  AbstractCommand - CraftAmmunitionCommand is executed
2022-11-30 02:21:43,367 210  [main] INFO  o.example.service.AmmunitionService - App is started
2022-11-30 02:21:45,086 1929 [main] INFO  AbstractCommand - CraftAmmunitionCommand is executed
2022-11-30 02:21:52,239 9082 [main] INFO  AbstractCommand - CraftAmmunitionCommand is executed
2022-11-30 02:22:00,445 17288 [main] INFO  AbstractCommand - CraftAmmunitionCommand is executed
2022-11-30 02:22:52,838 69681 [main] INFO  AbstractCommand - CraftAmmunitionCommand is executed
2022-11-30 02:22:59,984 76827 [main] INFO  AbstractCommand - CraftAmmunitionCommand is executed
2022-11-30 02:30:29,969 526812 [main] INFO  AbstractCommand - CraftAmmunitionCommand is executed
2022-11-30 02:30:37,157 534000 [main] INFO  AbstractCommand - CraftAmmunitionCommand is executed
2022-11-30 02:30:47,252 544095 [main] INFO  AbstractCommand - CraftAmmunitionCommand is executed
2022-11-30 02:30:50,713 547556 [main] INFO  AbstractCommand - CraftAmmunitionCommand is executed
2022-11-30 02:30:56,516 553359 [main] INFO  AbstractCommand - CraftAmmunitionCommand is executed
2022-11-30 02:31:00,935 557778 [main] INFO  AbstractCommand - CraftAmmunitionCommand is executed
2022-11-30 02:31:19,263 219  [main] INFO  o.example.service.AmmunitionService - App is started
2022-11-30 02:31:21,116 2072 [main] INFO  AbstractCommand - CraftAmmunitionCommand is executed
2022-11-30 02:33:23,063 124019 [main] INFO  AbstractCommand - CraftAmmunitionCommand is executed
2022-11-30 02:33:32,096 133052 [main] INFO  AbstractCommand - CraftAmmunitionCommand is executed
2022-11-30 02:39:47,772 228  [main] INFO  o.example.service.AmmunitionService - App is started
2022-11-30 02:39:49,137 1593 [main] INFO  AbstractCommand - CraftAmmunitionCommand is executed
2022-11-30 02:39:53,131 5587 [main] INFO  AbstractCommand - CraftAmmunitionCommand is executed
2022-11-30 02:43:14,403 222  [main] INFO  o.example.service.AmmunitionService - App is started
2022-11-30 02:43:15,942 1761 [main] INFO  AbstractCommand - CraftAmmunitionCommand is executed
2022-11-30 02:43:22,237 8056 [main] INFO  AbstractCommand - CraftAmmunitionCommand is executed
2022-11-30 02:43:26,135 11954 [main] INFO  AbstractCommand - CraftAmmunitionCommand is executed
2022-11-30 02:43:30,087 15906 [main] INFO  AbstractCommand - CraftAmmunitionCommand is executed
2022-11-30 02:43:34,091 19910 [main] INFO  AbstractCommand - CraftAmmunitionCommand is executed
2022-11-30 02:44:32,621 78440 [main] INFO  AbstractCommand - CraftAmmunitionCommand is executed
2022-11-30 02:45:46,565 225  [main] INFO  o.example.service.AmmunitionService - App is started
2022-11-30 02:45:47,750 1410 [main] INFO  AbstractCommand - CraftAmmunitionCommand is executed
2022-11-30 02:46:32,066 45726 [main] INFO  AbstractCommand - CraftAmmunitionCommand is executed
2022-11-30 02:46:38,522 222  [main] INFO  o.example.service.AmmunitionService - App is started
2022-11-30 02:46:40,552 2252 [main] INFO  AbstractCommand - CraftAmmunitionCommand is executed
2022-11-30 02:48:21,766 103466 [main] INFO  AbstractCommand - CraftAmmunitionCommand is executed
2022-11-30 02:48:29,805 111505 [main] INFO  AbstractCommand - CraftAmmunitionCommand is executed
2022-11-30 02:51:47,856 222  [main] INFO  o.example.service.AmmunitionService - App is started
2022-11-30 02:51:50,249 2615 [main] INFO  AbstractCommand - CraftAmmunitionCommand is executed
2022-11-30 02:51:53,695 6061 [main] INFO  AbstractCommand - CraftAmmunitionCommand is executed
2022-11-30 02:52:07,224 19590 [main] INFO  AbstractCommand - CraftAmmunitionCommand is executed
2022-11-30 03:01:22,993 222  [main] INFO  o.example.service.AmmunitionService - App is started
2022-11-30 03:01:24,790 2019 [main] INFO  AbstractCommand - CraftAmmunitionCommand is executed
2022-11-30 03:01:31,288 8517 [main] INFO  AbstractCommand - CraftAmmunitionCommand is executed
2022-11-30 03:01:42,080 19309 [main] INFO  AbstractCommand - CraftAmmunitionCommand is executed
2022-11-30 03:05:52,952 225  [main] INFO  o.example.service.AmmunitionService - App is started
2022-11-30 03:05:54,151 1424 [main] INFO  AbstractCommand - CraftAmmunitionCommand is executed
2022-11-30 03:05:54,159 1432 [main] WARN  o.example.service.AmmunitionService - Input data for create was incorrect
2022-11-30 03:06:06,329 13602 [main] INFO  AbstractCommand - CraftAmmunitionCommand is executed
2022-11-30 03:06:06,329 13602 [main] WARN  o.example.service.AmmunitionService - Input data for create was incorrect
2022-11-30 03:06:14,607 21880 [main] INFO  AbstractCommand - CraftAmmunitionCommand is executed
2022-11-30 03:06:14,609 21882 [main] WARN  o.example.service.AmmunitionService - Input data for create was incorrect
2022-11-30 03:06:38,969 220  [main] INFO  o.example.service.AmmunitionService - App is started
2022-11-30 03:06:40,031 1282 [main] INFO  AbstractCommand - CraftAmmunitionCommand is executed
2022-11-30 03:08:19,729 221  [main] INFO  o.example.service.AmmunitionService - App is started
2022-11-30 03:08:23,905 4397 [main] INFO  AbstractCommand - CraftAmmunitionCommand is executed
2022-11-30 03:08:48,034 28526 [main] INFO  AbstractCommand - CraftAmmunitionCommand is executed
2022-11-30 03:08:56,828 211  [main] INFO  o.example.service.AmmunitionService - App is started
2022-11-30 03:08:57,989 1372 [main] INFO  AbstractCommand - CraftAmmunitionCommand is executed
2022-11-30 03:09:28,125 205  [main] INFO  o.example.service.AmmunitionService - App is started
2022-11-30 03:09:29,376 1456 [main] INFO  AbstractCommand - CraftAmmunitionCommand is executed
2022-11-30 03:19:44,741 225  [main] INFO  o.example.service.AmmunitionService - App is started
2022-11-30 03:19:49,815 5299 [main] INFO  AbstractCommand - CraftAmmunitionCommand is executed
2022-11-30 03:19:53,821 9305 [main] INFO  AbstractCommand - CraftAmmunitionCommand is executed
2022-11-30 03:19:59,231 14715 [main] INFO  AbstractCommand - DeleteAmmunitionCommandById is executed
2022-11-30 03:23:41,308 221  [main] INFO  o.example.service.AmmunitionService - App is started
2022-11-30 03:23:49,971 8884 [main] INFO  AbstractCommand - CraftAmmunitionCommand is executed
2022-11-30 03:23:53,845 12758 [main] INFO  AbstractCommand - CraftAmmunitionCommand is executed
2022-11-30 03:24:01,483 20396 [main] INFO  AbstractCommand - DeleteAmmunitionCommandById is executed
2022-11-30 03:24:37,234 218  [main] INFO  o.example.service.AmmunitionService - App is started
2022-11-30 03:24:38,927 1911 [main] INFO  AbstractCommand - CraftAmmunitionCommand is executed
2022-11-30 03:24:45,006 7990 [main] INFO  AbstractCommand - DeleteAmmunitionCommandById is executed
2022-11-30 03:29:17,177 227  [main] INFO  o.example.service.AmmunitionService - App is started
2022-11-30 03:29:18,562 1612 [main] INFO  AbstractCommand - CraftAmmunitionCommand is executed
2022-11-30 03:29:20,272 3322 [main] INFO  AbstractCommand - CraftAmmunitionCommand is executed
2022-11-30 03:29:21,407 4457 [main] INFO  AbstractCommand - DeleteAmmunitionCommandById is executed
2022-11-30 03:29:31,508 14558 [main] INFO  AbstractCommand - CraftAmmunitionCommand is executed
2022-11-30 03:29:32,645 15695 [main] INFO  AbstractCommand - CraftAmmunitionCommand is executed
2022-11-30 03:29:36,932 19982 [main] INFO  AbstractCommand - DeleteAmmunitionCommandById is executed
2022-11-30 03:29:41,195 24245 [main] INFO  AbstractCommand - CraftAmmunitionCommand is executed
2022-11-30 03:29:42,353 25403 [main] INFO  AbstractCommand - CraftAmmunitionCommand is executed
2022-11-30 03:29:45,609 28659 [main] INFO  AbstractCommand - CraftAmmunitionCommand is executed
2022-11-30 03:29:48,179 31229 [main] INFO  AbstractCommand - CraftAmmunitionCommand is executed
2022-11-30 03:29:51,913 34963 [main] INFO  AbstractCommand - DeleteAmmunitionCommandById is executed
2022-11-30 03:29:57,518 40568 [main] INFO  AbstractCommand - CraftAmmunitionCommand is executed
2022-11-30 03:30:12,214 55264 [main] INFO  AbstractCommand - PrintTotalAmmunitionCommand is executed
2022-11-30 03:30:37,137 80187 [main] INFO  AbstractCommand - DeleteAmmunitionCommandById is executed
2022-11-30 03:30:39,604 82654 [main] INFO  AbstractCommand - PrintTotalAmmunitionCommand is executed
2022-11-30 03:31:28,853 131903 [main] INFO  AbstractCommand - DeleteAmmunitionCommandById is executed
2022-11-30 03:31:41,237 144287 [main] INFO  AbstractCommand - DeleteAmmunitionCommandById is executed
2022-11-30 03:32:14,071 222  [main] INFO  o.example.service.AmmunitionService - App is started
2022-11-30 03:32:16,036 2187 [main] INFO  AbstractCommand - PrintTotalAmmunitionCommand is executed
2022-11-30 03:32:19,080 5231 [main] INFO  AbstractCommand - CraftAmmunitionCommand is executed
2022-11-30 03:32:19,852 6003 [main] INFO  AbstractCommand - CraftAmmunitionCommand is executed
2022-11-30 03:32:21,570 7721 [main] INFO  AbstractCommand - PrintTotalAmmunitionCommand is executed
2022-11-30 03:32:26,286 12437 [main] INFO  AbstractCommand - DeleteAmmunitionCommandById is executed
2022-11-30 03:32:34,393 20544 [main] INFO  AbstractCommand - PrintTotalAmmunitionCommand is executed
2022-11-30 03:32:39,730 25881 [main] INFO  AbstractCommand - CraftAmmunitionCommand is executed
2022-11-30 03:32:40,631 26782 [main] INFO  AbstractCommand - PrintTotalAmmunitionCommand is executed
2022-11-30 03:32:51,806 37957 [main] INFO  AbstractCommand - CraftAmmunitionCommand is executed
2022-11-30 03:32:54,520 40671 [main] INFO  AbstractCommand - PrintTotalAmmunitionCommand is executed
2022-11-30 03:33:04,126 50277 [main] INFO  AbstractCommand - DeleteAmmunitionCommandById is executed
2022-11-30 03:33:12,263 58414 [main] INFO  AbstractCommand - PrintTotalAmmunitionCommand is executed
2022-11-30 03:33:20,088 66239 [main] INFO  AbstractCommand - CraftAmmunitionCommand is executed
2022-11-30 03:34:49,151 155302 [main] INFO  AbstractCommand - ExitProgramCommand is executed
2022-11-30 03:35:41,959 225  [main] INFO  o.example.service.AmmunitionService - App is started
2022-11-30 03:35:45,636 3902 [main] INFO  AbstractCommand - PrintTotalAmmunitionCommand is executed
2022-11-30 03:35:47,448 5714 [main] INFO  AbstractCommand - CraftAmmunitionCommand is executed
2022-11-30 03:36:01,145 19411 [main] INFO  AbstractCommand - CraftAmmunitionCommand is executed
2022-11-30 03:36:21,121 39387 [main] INFO  AbstractCommand - DeleteAmmunitionCommandById is executed
2022-11-30 03:36:31,186 49452 [main] INFO  AbstractCommand - CraftAmmunitionCommand is executed
2022-11-30 03:36:41,656 59922 [main] INFO  AbstractCommand - CraftAmmunitionCommand is executed
2022-11-30 03:36:46,164 64430 [main] INFO  AbstractCommand - CraftAmmunitionCommand is executed
2022-11-30 03:36:50,151 68417 [main] INFO  AbstractCommand - DeleteAmmunitionCommandById is executed
2022-11-30 03:37:01,471 79737 [main] INFO  AbstractCommand - CraftAmmunitionCommand is executed
2022-11-30 03:40:52,115 221  [main] INFO  o.example.service.AmmunitionService - App is started
2022-11-30 03:40:55,440 3546 [main] INFO  AbstractCommand - CraftAmmunitionCommand is executed
2022-11-30 03:41:08,390 16496 [main] INFO  AbstractCommand - CraftAmmunitionCommand is executed
2022-11-30 03:53:18,972 240  [main] INFO  o.example.service.AmmunitionService - App is started
2022-11-30 03:53:31,994 13262 [main] INFO  AbstractCommand - CraftAmmunitionCommand is executed
2022-11-30 03:53:47,721 28989 [main] INFO  AbstractCommand - CraftAmmunitionCommand is executed
2022-11-30 03:56:32,532 228  [main] INFO  o.example.service.AmmunitionService - App is started
2022-11-30 03:56:51,463 19159 [main] INFO  AbstractCommand - CraftAmmunitionCommand is executed
2022-11-30 03:56:54,543 22239 [main] INFO  AbstractCommand - CraftAmmunitionCommand is executed
2022-11-30 03:56:56,467 24163 [main] INFO  AbstractCommand - CraftAmmunitionCommand is executed
2022-11-30 03:56:58,257 25953 [main] INFO  AbstractCommand - CraftAmmunitionCommand is executed
2022-11-30 03:56:59,540 27236 [main] INFO  AbstractCommand - CraftAmmunitionCommand is executed
2022-11-30 03:57:00,708 28404 [main] INFO  AbstractCommand - CraftAmmunitionCommand is executed
2022-11-30 03:57:01,839 29535 [main] INFO  AbstractCommand - CraftAmmunitionCommand is executed
2022-11-30 03:57:02,887 30583 [main] INFO  AbstractCommand - CraftAmmunitionCommand is executed
2022-11-30 03:57:03,809 31505 [main] INFO  AbstractCommand - CraftAmmunitionCommand is executed
2022-11-30 04:04:25,897 263  [main] INFO  o.example.service.AmmunitionService - App is started
2022-11-30 04:04:28,881 3247 [main] INFO  AbstractCommand - CraftAmmunitionCommand is executed
2022-11-30 04:04:41,405 15771 [main] INFO  AbstractCommand - CraftAmmunitionCommand is executed
2022-11-30 04:04:47,112 21478 [main] INFO  AbstractCommand - CraftAmmunitionCommand is executed
2022-11-30 04:05:00,980 35346 [main] INFO  AbstractCommand - CraftAmmunitionCommand is executed
2022-11-30 04:05:03,185 37551 [main] INFO  AbstractCommand - CraftAmmunitionCommand is executed
2022-11-30 04:05:04,746 39112 [main] INFO  AbstractCommand - CraftAmmunitionCommand is executed
2022-11-30 04:05:06,042 40408 [main] INFO  AbstractCommand - CraftAmmunitionCommand is executed
2022-11-30 04:05:07,059 41425 [main] INFO  AbstractCommand - CraftAmmunitionCommand is executed
2022-11-30 04:05:08,439 42805 [main] INFO  AbstractCommand - CraftAmmunitionCommand is executed
2022-11-30 04:05:09,512 43878 [main] INFO  AbstractCommand - CraftAmmunitionCommand is executed
2022-11-30 04:05:10,727 45093 [main] INFO  AbstractCommand - CraftAmmunitionCommand is executed
2022-11-30 04:06:12,654 107020 [main] INFO  AbstractCommand - PrintTotalAmmunitionCommand is executed
2022-11-30 04:06:17,343 111709 [main] INFO  AbstractCommand - DeleteAmmunitionCommandById is executed
2022-11-30 04:11:13,247 236  [main] INFO  o.example.service.AmmunitionService - App is started
2022-11-30 04:11:20,847 7836 [main] INFO  AbstractCommand - CraftAmmunitionCommand is executed
2022-11-30 04:11:28,216 15205 [main] INFO  AbstractCommand - CraftAmmunitionCommand is executed
2022-11-30 04:11:34,370 21359 [main] INFO  AbstractCommand - CraftAmmunitionCommand is executed
2022-11-30 04:11:43,707 30696 [main] INFO  AbstractCommand - CraftAmmunitionCommand is executed
2022-11-30 04:11:48,070 35059 [main] INFO  AbstractCommand - CraftAmmunitionCommand is executed
2022-11-30 04:15:29,785 223  [main] INFO  o.example.service.AmmunitionService - App is started
2022-11-30 04:15:31,346 1784 [main] INFO  AbstractCommand - CraftAmmunitionCommand is executed
2022-11-30 04:15:36,369 6807 [main] INFO  AbstractCommand - CraftAmmunitionCommand is executed
2022-11-30 04:15:42,143 12581 [main] INFO  AbstractCommand - CraftAmmunitionCommand is executed
2022-11-30 04:15:50,716 21154 [main] INFO  AbstractCommand - CraftAmmunitionCommand is executed
2022-11-30 04:15:51,021 21459 [main] INFO  AbstractCommand - CraftAmmunitionCommand is executed
2022-11-30 04:15:51,336 21774 [main] INFO  AbstractCommand - CraftAmmunitionCommand is executed
2022-11-30 04:15:51,637 22075 [main] INFO  AbstractCommand - CraftAmmunitionCommand is executed
2022-11-30 04:15:51,987 22425 [main] INFO  AbstractCommand - CraftAmmunitionCommand is executed
2022-11-30 04:16:00,102 30540 [main] INFO  AbstractCommand - CraftAmmunitionCommand is executed
2022-11-30 04:19:55,307 232  [main] INFO  o.example.service.AmmunitionService - App is started
2022-11-30 04:20:05,660 10585 [main] INFO  AbstractCommand - CraftAmmunitionCommand is executed
2022-11-30 04:20:06,561 11486 [main] INFO  AbstractCommand - CraftAmmunitionCommand is executed
2022-11-30 04:20:13,705 18630 [main] INFO  AbstractCommand - CraftAmmunitionCommand is executed
2022-11-30 04:20:23,668 28593 [main] INFO  AbstractCommand - CraftAmmunitionCommand is executed
2022-11-30 04:20:28,651 33576 [main] INFO  AbstractCommand - CraftAmmunitionCommand is executed
2022-11-30 04:20:33,149 38074 [main] INFO  AbstractCommand - CraftAmmunitionCommand is executed
2022-11-30 04:20:34,450 39375 [main] INFO  AbstractCommand - CraftAmmunitionCommand is executed
2022-11-30 04:20:36,783 41708 [main] INFO  AbstractCommand - CraftAmmunitionCommand is executed
2022-11-30 04:20:37,873 42798 [main] INFO  AbstractCommand - CraftAmmunitionCommand is executed
2022-11-30 04:20:39,802 44727 [main] INFO  AbstractCommand - CraftAmmunitionCommand is executed
2022-11-30 04:20:41,099 46024 [main] INFO  AbstractCommand - CraftAmmunitionCommand is executed
2022-11-30 04:20:42,106 47031 [main] INFO  AbstractCommand - CraftAmmunitionCommand is executed
2022-11-30 04:20:43,276 48201 [main] INFO  AbstractCommand - CraftAmmunitionCommand is executed
2022-11-30 04:20:44,433 49358 [main] INFO  AbstractCommand - CraftAmmunitionCommand is executed
2022-11-30 04:20:45,637 50562 [main] INFO  AbstractCommand - CraftAmmunitionCommand is executed
2022-11-30 04:20:46,658 51583 [main] INFO  AbstractCommand - CraftAmmunitionCommand is executed
2022-11-30 04:20:48,010 52935 [main] INFO  AbstractCommand - CraftAmmunitionCommand is executed
2022-11-30 04:20:48,845 53770 [main] INFO  AbstractCommand - CraftAmmunitionCommand is executed
2022-11-30 04:35:09,673 263  [main] INFO  o.example.service.AmmunitionService - App is started
2022-11-30 04:35:13,368 3958 [main] INFO  AbstractCommand - CraftAmmunitionCommand is executed
2022-11-30 04:35:19,872 10462 [main] INFO  AbstractCommand - CraftAmmunitionCommand is executed
2022-11-30 04:35:40,978 31568 [main] INFO  AbstractCommand - CraftAmmunitionCommand is executed
2022-11-30 04:35:41,472 32062 [main] INFO  AbstractCommand - CraftAmmunitionCommand is executed
2022-11-30 04:35:42,054 32644 [main] INFO  AbstractCommand - CraftAmmunitionCommand is executed
2022-11-30 04:35:42,594 33184 [main] INFO  AbstractCommand - CraftAmmunitionCommand is executed
2022-11-30 04:35:43,063 33653 [main] INFO  AbstractCommand - CraftAmmunitionCommand is executed
2022-11-30 04:35:43,533 34123 [main] INFO  AbstractCommand - CraftAmmunitionCommand is executed
2022-11-30 04:35:43,925 34515 [main] INFO  AbstractCommand - CraftAmmunitionCommand is executed
2022-11-30 04:35:44,286 34876 [main] INFO  AbstractCommand - CraftAmmunitionCommand is executed
2022-11-30 04:35:44,604 35194 [main] INFO  AbstractCommand - CraftAmmunitionCommand is executed
2022-11-30 04:35:44,842 35432 [main] INFO  AbstractCommand - CraftAmmunitionCommand is executed
2022-11-30 04:36:00,559 51149 [main] WARN  org.example.command.ConsoleControl - Incorrect input. Try again
2022-11-30 04:36:00,847 51437 [main] INFO  AbstractCommand - CraftAmmunitionCommand is executed
2022-11-30 04:36:01,043 51633 [main] INFO  AbstractCommand - CraftAmmunitionCommand is executed
2022-11-30 04:36:01,212 51802 [main] INFO  AbstractCommand - CraftAmmunitionCommand is executed
2022-11-30 04:36:01,572 52162 [main] INFO  AbstractCommand - CraftAmmunitionCommand is executed
2022-11-30 04:36:01,807 52397 [main] INFO  AbstractCommand - CraftAmmunitionCommand is executed
2022-11-30 04:36:01,990 52580 [main] INFO  AbstractCommand - CraftAmmunitionCommand is executed
2022-11-30 04:36:02,179 52769 [main] INFO  AbstractCommand - CraftAmmunitionCommand is executed
2022-11-30 04:36:02,373 52963 [main] INFO  AbstractCommand - CraftAmmunitionCommand is executed
2022-11-30 04:36:02,534 53124 [main] INFO  AbstractCommand - CraftAmmunitionCommand is executed
2022-11-30 04:36:02,690 53280 [main] INFO  AbstractCommand - CraftAmmunitionCommand is executed
2022-11-30 04:36:02,844 53434 [main] INFO  AbstractCommand - CraftAmmunitionCommand is executed
2022-11-30 04:36:28,100 218  [main] INFO  o.example.service.AmmunitionService - App is started
2022-11-30 04:36:33,103 5221 [main] INFO  AbstractCommand - CraftAmmunitionCommand is executed
2022-11-30 04:36:33,773 5891 [main] INFO  AbstractCommand - CraftAmmunitionCommand is executed
2022-11-30 04:36:34,114 6232 [main] INFO  AbstractCommand - CraftAmmunitionCommand is executed
2022-11-30 04:36:34,451 6569 [main] INFO  AbstractCommand - CraftAmmunitionCommand is executed
2022-11-30 04:36:34,801 6919 [main] INFO  AbstractCommand - CraftAmmunitionCommand is executed
2022-11-30 04:36:35,143 7261 [main] INFO  AbstractCommand - CraftAmmunitionCommand is executed
2022-11-30 04:36:35,521 7639 [main] INFO  AbstractCommand - CraftAmmunitionCommand is executed
2022-11-30 04:36:35,860 7978 [main] INFO  AbstractCommand - CraftAmmunitionCommand is executed
2022-11-30 04:37:35,114 211  [main] INFO  o.example.service.AmmunitionService - App is started
2022-11-30 04:37:38,464 3561 [main] INFO  AbstractCommand - CraftAmmunitionCommand is executed
2022-11-30 04:37:38,782 3879 [main] INFO  AbstractCommand - CraftAmmunitionCommand is executed
2022-11-30 04:37:38,954 4051 [main] INFO  AbstractCommand - CraftAmmunitionCommand is executed
2022-11-30 04:37:39,156 4253 [main] INFO  AbstractCommand - CraftAmmunitionCommand is executed
2022-11-30 04:37:39,346 4443 [main] INFO  AbstractCommand - CraftAmmunitionCommand is executed
2022-11-30 04:37:39,505 4602 [main] INFO  AbstractCommand - CraftAmmunitionCommand is executed
2022-11-30 04:37:39,672 4769 [main] INFO  AbstractCommand - CraftAmmunitionCommand is executed
2022-11-30 04:37:39,863 4960 [main] WARN  org.example.command.ConsoleControl - Incorrect input. Try again
2022-11-30 04:37:40,074 5171 [main] INFO  AbstractCommand - CraftAmmunitionCommand is executed
2022-11-30 04:37:40,232 5329 [main] INFO  AbstractCommand - CraftAmmunitionCommand is executed
2022-11-30 04:37:40,374 5471 [main] INFO  AbstractCommand - CraftAmmunitionCommand is executed
2022-11-30 04:37:40,514 5611 [main] INFO  AbstractCommand - CraftAmmunitionCommand is executed
2022-11-30 04:37:40,661 5758 [main] INFO  AbstractCommand - CraftAmmunitionCommand is executed
2022-11-30 04:37:40,785 5882 [main] INFO  AbstractCommand - CraftAmmunitionCommand is executed
2022-11-30 04:37:41,004 6101 [main] WARN  org.example.command.ConsoleControl - Incorrect input. Try again
2022-11-30 04:38:08,860 33957 [main] INFO  AbstractCommand - ExitProgramCommand is executed
2022-11-30 04:40:51,061 235  [main] INFO  o.example.service.AmmunitionService - App is started
2022-11-30 04:40:52,944 2118 [main] INFO  AbstractCommand - CraftAmmunitionCommand is executed
2022-11-30 04:40:53,275 2449 [main] INFO  AbstractCommand - CraftAmmunitionCommand is executed
2022-11-30 16:33:52,207 402  [main] INFO  o.example.service.AmmunitionService - App is started
2022-11-30 16:33:55,888 4083 [main] INFO  AbstractCommand - CraftAmmunitionCommand is executed
2022-11-30 16:34:18,064 26259 [main] INFO  AbstractCommand - CraftAmmunitionCommand is executed
2022-11-30 16:34:27,822 36017 [main] INFO  AbstractCommand - CraftAmmunitionCommand is executed
2022-11-30 16:35:44,877 113072 [main] INFO  AbstractCommand - CraftAmmunitionCommand is executed
2022-11-30 16:35:52,832 121027 [main] INFO  AbstractCommand - PrintTotalAmmunitionCostCommand is executed
2022-11-30 16:36:07,536 135731 [main] INFO  AbstractCommand - PrintAllAmmunitionSortedByWeightCommand is executed
2022-11-30 16:36:16,817 145012 [main] INFO  AbstractCommand - DeleteAmmunitionCommandById is executed
2022-11-30 16:36:27,153 155348 [main] INFO  AbstractCommand - PrintTotalAmmunitionCommand is executed
2022-11-30 16:56:12,053 324  [main] INFO  o.example.service.AmmunitionService - App is started
2022-11-30 16:56:18,573 6844 [main] INFO  AbstractCommand - CraftAmmunitionCommand is executed
2022-11-30 16:56:19,098 7369 [main] WARN  o.example.service.AmmunitionService - Input data for create was incorrect
2022-11-30 16:56:24,107 12378 [main] INFO  AbstractCommand - CraftAmmunitionCommand is executed
2022-11-30 16:56:24,181 12452 [main] WARN  o.example.service.AmmunitionService - Input data for create was incorrect
2022-11-30 16:56:27,988 16259 [main] INFO  AbstractCommand - CraftAmmunitionCommand is executed
2022-11-30 16:56:28,054 16325 [main] WARN  o.example.service.AmmunitionService - Input data for create was incorrect
2022-11-30 16:56:35,465 23736 [main] INFO  AbstractCommand - PrintTotalAmmunitionCommand is executed
2022-11-30 17:02:11,952 290  [main] INFO  o.example.service.AmmunitionService - App is started
2022-11-30 17:02:13,636 1974 [main] INFO  AbstractCommand - CraftAmmunitionCommand is executed
2022-11-30 17:02:14,132 2470 [main] WARN  o.example.service.AmmunitionService - Input data for create was incorrect
2022-11-30 17:02:17,344 5682 [main] INFO  AbstractCommand - CraftAmmunitionCommand is executed
2022-11-30 17:02:17,415 5753 [main] WARN  o.example.service.AmmunitionService - Input data for create was incorrect
2022-11-30 17:03:40,202 305  [main] INFO  o.example.service.AmmunitionService - App is started
2022-11-30 17:03:41,546 1649 [main] INFO  AbstractCommand - CraftAmmunitionCommand is executed
2022-11-30 17:03:42,042 2145 [main] WARN  o.example.service.AmmunitionService - Input data for create was incorrect
2022-11-30 17:03:43,735 3838 [main] INFO  AbstractCommand - CraftAmmunitionCommand is executed
2022-11-30 17:03:43,811 3914 [main] WARN  o.example.service.AmmunitionService - Input data for create was incorrect
2022-11-30 17:03:48,116 8219 [main] INFO  AbstractCommand - CraftAmmunitionCommand is executed
2022-11-30 17:03:48,180 8283 [main] WARN  o.example.service.AmmunitionService - Input data for create was incorrect
2022-11-30 17:06:01,883 299  [main] INFO  o.example.service.AmmunitionService - App is started
2022-11-30 17:06:03,283 1699 [main] INFO  AbstractCommand - CraftAmmunitionCommand is executed
2022-11-30 17:06:03,782 2198 [main] WARN  o.example.service.AmmunitionService - Input data for create was incorrect
2022-11-30 17:06:06,086 4502 [main] INFO  AbstractCommand - CraftAmmunitionCommand is executed
2022-11-30 17:06:06,149 4565 [main] WARN  o.example.service.AmmunitionService - Input data for create was incorrect
2022-11-30 17:07:43,678 302  [main] INFO  o.example.service.AmmunitionService - App is started
2022-11-30 17:07:44,951 1575 [main] INFO  AbstractCommand - CraftAmmunitionCommand is executed
2022-11-30 17:07:45,452 2076 [main] WARN  o.example.service.AmmunitionService - Input data for create was incorrect
2022-11-30 17:07:48,466 5090 [main] INFO  AbstractCommand - CraftAmmunitionCommand is executed
2022-11-30 17:07:48,528 5152 [main] WARN  o.example.service.AmmunitionService - Input data for create was incorrect
2022-11-30 17:07:53,663 10287 [main] INFO  AbstractCommand - PrintTotalAmmunitionCommand is executed
2022-11-30 17:07:55,131 11755 [main] INFO  AbstractCommand - CraftAmmunitionCommand is executed
2022-11-30 17:07:55,191 11815 [main] WARN  o.example.service.AmmunitionService - Input data for create was incorrect
2022-11-30 17:08:10,329 293  [main] INFO  o.example.service.AmmunitionService - App is started
2022-11-30 17:08:11,485 1449 [main] INFO  AbstractCommand - CraftAmmunitionCommand is executed
2022-11-30 17:08:13,325 3289 [main] INFO  AbstractCommand - CraftAmmunitionCommand is executed
2022-11-30 17:08:16,088 6052 [main] INFO  AbstractCommand - CraftAmmunitionCommand is executed
2022-11-30 17:08:17,486 7450 [main] INFO  AbstractCommand - CraftAmmunitionCommand is executed
2022-11-30 18:07:55,554 303  [main] INFO  o.example.service.AmmunitionService - App is started
2022-11-30 18:08:04,571 9320 [main] INFO  AbstractCommand - CraftAmmunitionCommand is executed
2022-11-30 18:08:44,340 288  [main] INFO  o.example.service.AmmunitionService - App is started
2022-11-30 18:08:47,059 3007 [main] INFO  AbstractCommand - CraftAmmunitionCommand is executed
2022-11-30 18:08:52,833 8781 [main] INFO  AbstractCommand - CraftAmmunitionCommand is executed
2022-11-30 18:08:57,582 13530 [main] INFO  AbstractCommand - CraftAmmunitionCommand is executed
2022-11-30 18:09:03,486 19434 [main] INFO  AbstractCommand - CraftAmmunitionCommand is executed
2022-11-30 18:10:02,143 78091 [main] INFO  AbstractCommand - DeleteAmmunitionCommandById is executed
2022-11-30 18:10:21,789 97737 [main] INFO  AbstractCommand - CraftAmmunitionCommand is executed
2022-11-30 18:11:05,658 141606 [main] INFO  AbstractCommand - CraftAmmunitionCommand is executed
2022-11-30 18:11:06,733 142681 [main] INFO  AbstractCommand - CraftAmmunitionCommand is executed
2022-11-30 18:11:07,427 143375 [main] INFO  AbstractCommand - CraftAmmunitionCommand is executed
2022-11-30 18:11:11,574 147522 [main] INFO  AbstractCommand - CraftAmmunitionCommand is executed
2022-11-30 18:11:11,856 147804 [main] INFO  AbstractCommand - CraftAmmunitionCommand is executed
2022-11-30 18:11:12,343 148291 [main] INFO  AbstractCommand - CraftAmmunitionCommand is executed
2022-11-30 18:11:13,684 149632 [main] INFO  AbstractCommand - CraftAmmunitionCommand is executed
2022-11-30 18:11:17,646 153594 [main] INFO  AbstractCommand - DeleteAmmunitionCommandById is executed
2022-11-30 18:37:54,476 323  [main] INFO  o.example.service.AmmunitionService - App is started
2022-11-30 19:37:30,977 225  [main] INFO  o.example.service.AmmunitionService - App is started
2022-11-30 19:37:33,457 2705 [main] INFO  AbstractCommand - CraftAmmunitionCommand is executed
2022-11-30 19:39:56,799 241  [main] INFO  o.example.service.AmmunitionService - App is started
2022-11-30 19:39:58,479 1921 [main] INFO  AbstractCommand - CraftAmmunitionCommand is executed
2022-11-30 19:40:06,808 10250 [main] INFO  AbstractCommand - CraftAmmunitionCommand is executed
2022-11-30 19:40:16,346 19788 [main] INFO  AbstractCommand - CraftAmmunitionCommand is executed
2022-12-01 21:04:56,579 11605 [main] INFO  o.example.service.AmmunitionService - App is started
2022-12-01 21:17:32,748 3299 [main] INFO  o.example.service.AmmunitionService - App is started
2022-12-01 21:25:10,737 4477 [main] INFO  o.example.service.AmmunitionService - App is started
2022-12-01 21:40:07,857 6174 [main] INFO  o.example.service.AmmunitionService - App is started
2022-12-01 21:44:57,841 4316 [main] INFO  o.example.service.AmmunitionService - App is started
2022-12-01 21:45:35,001 3708 [main] INFO  o.example.service.AmmunitionService - App is started
2022-12-01 21:45:54,593 2844 [main] INFO  o.example.service.AmmunitionService - App is started
2022-12-01 21:46:08,879 3696 [main] INFO  o.example.service.AmmunitionService - App is started
2022-12-01 21:46:37,845 3194 [main] INFO  o.example.service.AmmunitionService - App is started
2022-12-01 21:46:55,662 3061 [main] INFO  o.example.service.AmmunitionService - App is started
2022-12-01 21:47:10,298 2924 [main] INFO  o.example.service.AmmunitionService - App is started
2022-12-01 21:47:44,822 3580 [main] INFO  o.example.service.AmmunitionService - App is started
2022-12-01 21:48:34,073 3013 [main] INFO  o.example.service.AmmunitionService - App is started
2022-12-01 21:49:07,016 2895 [main] INFO  o.example.service.AmmunitionService - App is started
2022-12-01 21:50:11,175 3060 [main] INFO  o.example.service.AmmunitionService - App is started
2022-12-01 22:02:16,548 4936 [main] INFO  o.example.service.AmmunitionService - App is started
2022-12-01 22:04:01,803 3734 [main] INFO  o.example.service.AmmunitionService - App is started
2022-12-01 22:06:49,864 3708 [main] INFO  o.example.service.AmmunitionService - App is started
2022-12-01 22:07:33,340 2476 [main] INFO  o.example.service.AmmunitionService - App is started
2022-12-01 22:07:33,364 4146 [main] INFO  o.example.service.AmmunitionService - App is started
2022-12-01 22:08:27,042 3640 [main] INFO  o.example.service.AmmunitionService - App is started
2022-12-01 22:10:35,854 3906 [main] INFO  o.example.service.AmmunitionService - App is started
2022-12-01 22:10:47,453 3819 [main] INFO  o.example.service.AmmunitionService - App is started
2022-12-01 22:11:13,624 3545 [main] INFO  o.example.service.AmmunitionService - App is started
2022-12-01 22:11:24,524 3089 [main] INFO  o.example.service.AmmunitionService - App is started
2022-12-01 22:11:36,428 3612 [main] INFO  o.example.service.AmmunitionService - App is started
2022-12-01 22:11:48,027 3625 [main] INFO  o.example.service.AmmunitionService - App is started
2022-12-01 22:14:21,282 3702 [main] INFO  o.example.service.AmmunitionService - App is started
2022-12-01 22:26:22,709 3766 [main] INFO  o.example.service.AmmunitionService - App is started
2022-12-01 22:31:34,569 3003 [main] INFO  o.example.service.AmmunitionService - App is started
2022-12-01 22:32:00,522 3619 [main] INFO  o.example.service.AmmunitionService - App is started
2022-12-01 22:33:31,644 3169 [main] INFO  o.example.service.AmmunitionService - App is started
2022-12-01 22:34:06,439 3643 [main] INFO  o.example.service.AmmunitionService - App is started
2022-12-01 22:35:01,082 2957 [main] INFO  o.example.service.AmmunitionService - App is started
2022-12-01 22:47:11,737 3801 [main] INFO  o.example.service.AmmunitionService - App is started
2022-12-01 22:47:52,018 2936 [main] INFO  o.example.service.AmmunitionService - App is started
2022-12-01 22:48:15,071 3034 [main] INFO  o.example.service.AmmunitionService - App is started
2022-12-01 22:48:54,137 3021 [main] INFO  o.example.service.AmmunitionService - App is started
2022-12-01 22:50:03,174 3171 [main] INFO  o.example.service.AmmunitionService - App is started
2022-12-01 22:50:04,917 4914 [main] INFO  AbstractCommand - CraftAmmunitionCommand is executed
2022-12-01 22:50:20,002 19999 [main] INFO  AbstractCommand - CraftAmmunitionCommand is executed
2022-12-01 22:50:27,942 27939 [main] INFO  AbstractCommand - CraftAmmunitionCommand is executed
2022-12-01 22:50:32,375 32372 [main] INFO  AbstractCommand - DeleteAmmunitionCommandById is executed
2022-12-01 22:50:41,572 41569 [main] INFO  AbstractCommand - DeleteAmmunitionCommandById is executed
2022-12-01 23:00:08,005 3631 [main] INFO  o.example.service.AmmunitionService - App is started
2022-12-01 23:00:17,493 2635 [main] INFO  o.example.service.AmmunitionService - App is started
2022-12-01 23:55:41,465 3002 [main] INFO  o.example.service.AmmunitionService - App is started
2022-12-01 23:57:29,468 3055 [main] INFO  o.example.service.AmmunitionService - App is started
2022-12-01 23:58:29,852 2382 [main] INFO  o.example.service.AmmunitionService - App is started
2022-12-01 23:59:10,124 2387 [main] INFO  o.example.service.AmmunitionService - App is started
2022-12-02 00:02:20,775 3166 [main] INFO  o.example.service.AmmunitionService - App is started
2022-12-02 01:04:54,854 4209 [main] INFO  o.example.service.AmmunitionService - App is started
2022-12-02 01:05:18,555 2355 [main] INFO  o.example.service.AmmunitionService - App is started
2022-12-02 01:05:52,679 2125 [main] INFO  o.example.service.AmmunitionService - App is started
2022-12-02 01:06:05,317 2243 [main] INFO  o.example.service.AmmunitionService - App is started
2022-12-02 01:16:22,484 3092 [main] INFO  o.example.service.AmmunitionService - App is started
2022-12-02 01:23:05,156 3555 [main] INFO  o.example.service.AmmunitionService - App is started
2022-12-02 01:23:28,705 2604 [main] INFO  o.example.service.AmmunitionService - App is started
2022-12-02 01:24:50,332 2844 [main] INFO  o.example.service.AmmunitionService - App is started
2022-12-02 01:25:27,066 2892 [main] INFO  o.example.service.AmmunitionService - App is started
2022-12-02 01:25:57,733 2459 [main] INFO  o.example.service.AmmunitionService - App is started
2022-12-02 01:29:12,721 2124 [main] INFO  o.example.service.AmmunitionService - App is started
2022-12-02 01:31:24,674 2867 [main] INFO  o.example.service.AmmunitionService - App is started
2022-12-02 01:31:58,776 2889 [main] INFO  o.example.service.AmmunitionService - App is started
2022-12-02 01:33:02,994 2931 [main] INFO  o.example.service.AmmunitionService - App is started
2022-12-02 01:33:16,801 2828 [main] INFO  o.example.service.AmmunitionService - App is started
2022-12-02 01:33:29,373 2771 [main] INFO  o.example.service.AmmunitionService - App is started
2022-12-02 01:36:43,142 2874 [main] INFO  o.example.service.AmmunitionService - App is started
2022-12-02 01:37:04,048 2862 [main] INFO  o.example.service.AmmunitionService - App is started
2022-12-02 01:37:20,638 2369 [main] INFO  o.example.service.AmmunitionService - App is started
2022-12-02 01:37:40,580 2825 [main] INFO  o.example.service.AmmunitionService - App is started
2022-12-02 01:38:07,620 2183 [main] INFO  o.example.service.AmmunitionService - App is started
2022-12-02 01:38:33,632 2942 [main] INFO  o.example.service.AmmunitionService - App is started
2022-12-02 01:40:13,235 2293 [main] INFO  o.example.service.AmmunitionService - App is started
2022-12-02 01:41:08,754 2989 [main] INFO  o.example.service.AmmunitionService - App is started
2022-12-02 01:42:05,023 2200 [main] INFO  o.example.service.AmmunitionService - App is started
2022-12-02 01:42:33,070 2267 [main] INFO  o.example.service.AmmunitionService - App is started
2022-12-02 01:43:08,511 2914 [main] INFO  o.example.service.AmmunitionService - App is started
2022-12-02 01:43:52,375 2857 [main] INFO  o.example.service.AmmunitionService - App is started
2022-12-02 01:44:59,239 2329 [main] INFO  o.example.service.AmmunitionService - App is started
2022-12-02 01:46:44,696 2903 [main] INFO  o.example.service.AmmunitionService - App is started
2022-12-02 01:54:30,613 3020 [main] INFO  o.example.service.AmmunitionService - App is started
2022-12-02 01:55:54,965 2919 [main] INFO  o.example.service.AmmunitionService - App is started
2022-12-02 01:59:30,191 2915 [main] INFO  o.example.service.AmmunitionService - App is started
2022-12-02 02:01:03,271 2978 [main] INFO  o.example.service.AmmunitionService - App is started
2022-12-02 02:01:30,245 2921 [main] INFO  o.example.service.AmmunitionService - App is started
2022-12-02 02:01:48,604 2952 [main] INFO  o.example.service.AmmunitionService - App is started
2022-12-02 02:02:43,155 2872 [main] INFO  o.example.service.AmmunitionService - App is started
2022-12-02 02:03:26,723 2167 [main] INFO  o.example.service.AmmunitionService - App is started
2022-12-02 02:05:19,761 3013 [main] INFO  o.example.service.AmmunitionService - App is started
2022-12-02 02:05:56,005 2883 [main] INFO  o.example.service.AmmunitionService - App is started
2022-12-02 02:07:13,740 2930 [main] INFO  o.example.service.AmmunitionService - App is started
2022-12-02 02:08:19,691 2904 [main] INFO  o.example.service.AmmunitionService - App is started
2022-12-02 02:10:22,254 2954 [main] INFO  o.example.service.AmmunitionService - App is started
2022-12-02 02:13:28,203 2862 [main] INFO  o.example.service.AmmunitionService - App is started
2022-12-02 02:13:53,472 2137 [main] INFO  o.example.service.AmmunitionService - App is started
2022-12-02 02:14:22,072 2664 [main] INFO  o.example.service.AmmunitionService - App is started
2022-12-02 02:14:22,087 3280 [main] INFO  o.example.service.AmmunitionService - App is started
2022-12-02 02:14:33,227 2731 [main] INFO  o.example.service.AmmunitionService - App is started
2022-12-02 02:15:25,681 2869 [main] INFO  o.example.service.AmmunitionService - App is started
2022-12-02 02:16:23,650 2187 [main] INFO  o.example.service.AmmunitionService - App is started
2022-12-02 02:17:07,523 2087 [main] INFO  o.example.service.AmmunitionService - App is started
2022-12-02 02:18:21,461 2154 [main] INFO  o.example.service.AmmunitionService - App is started
2022-12-02 02:21:22,190 2876 [main] INFO  o.example.service.AmmunitionService - App is started
2022-12-02 02:22:28,992 2859 [main] INFO  o.example.service.AmmunitionService - App is started
2022-12-02 02:23:44,393 2874 [main] INFO  o.example.service.AmmunitionService - App is started
2022-12-02 02:26:21,082 2900 [main] INFO  o.example.service.AmmunitionService - App is started
2022-12-02 02:28:01,598 2860 [main] INFO  o.example.service.AmmunitionService - App is started
2022-12-02 02:28:21,624 2910 [main] INFO  o.example.service.AmmunitionService - App is started
2022-12-02 02:29:03,052 2166 [main] INFO  o.example.service.AmmunitionService - App is started
2022-12-02 02:31:05,531 2866 [main] INFO  o.example.service.AmmunitionService - App is started
2022-12-02 02:32:32,655 2851 [main] INFO  o.example.service.AmmunitionService - App is started
2022-12-02 02:44:27,320 2285 [main] INFO  o.example.service.AmmunitionService - App is started
2022-12-02 02:47:34,603 2883 [main] INFO  o.example.service.AmmunitionService - App is started
2022-12-02 02:48:37,100 2950 [main] INFO  o.example.service.AmmunitionService - App is started
2022-12-02 02:52:34,063 3021 [main] INFO  o.example.service.AmmunitionService - App is started
2022-12-02 02:53:33,202 2007 [main] INFO  o.example.service.AmmunitionService - App is started
2022-12-02 02:55:06,630 2776 [main] INFO  o.example.service.AmmunitionService - App is started
2022-12-02 02:56:38,939 2804 [main] INFO  o.example.service.AmmunitionService - App is started
2022-12-02 02:57:07,812 2817 [main] INFO  o.example.service.AmmunitionService - App is started
2022-12-02 03:03:00,827 2985 [main] INFO  o.example.service.AmmunitionService - App is started
2022-12-02 03:03:35,757 37915 [AWT-EventQueue-0] WARN  o.example.service.AmmunitionService - Input data for findAll was incorrect
2022-12-02 03:03:42,721 44879 [AWT-EventQueue-0] WARN  o.example.service.AmmunitionService - Input data for findAll was incorrect
2022-12-02 03:18:13,199 2951 [main] INFO  o.example.service.AmmunitionService - App is started
2022-12-02 03:18:18,489 8241 [AWT-EventQueue-0] WARN  o.example.service.AmmunitionService - Input data for findAll was incorrect
2022-12-02 03:18:26,175 15927 [AWT-EventQueue-0] WARN  o.example.service.AmmunitionService - Input data for findAll was incorrect
2022-12-02 03:25:11,323 2984 [main] INFO  o.example.service.AmmunitionService - App is started
2022-12-02 03:27:20,017 2502 [main] INFO  o.example.service.AmmunitionService - App is started
2022-12-02 03:30:35,622 2222 [main] INFO  o.example.service.AmmunitionService - App is started
2022-12-02 03:32:10,599 2892 [main] INFO  o.example.service.AmmunitionService - App is started
2022-12-02 03:33:16,217 2153 [main] INFO  o.example.service.AmmunitionService - App is started
2022-12-02 03:35:23,813 2209 [main] INFO  o.example.service.AmmunitionService - App is started
2022-12-02 03:36:33,572 2910 [main] INFO  o.example.service.AmmunitionService - App is started
2022-12-02 03:41:08,005 3088 [main] INFO  o.example.service.AmmunitionService - App is started
2022-12-02 03:42:23,790 2984 [main] INFO  o.example.service.AmmunitionService - App is started
2022-12-02 04:05:43,739 3790 [main] INFO  o.example.service.AmmunitionService - App is started
2022-12-02 04:09:31,008 2234 [main] INFO  o.example.service.AmmunitionService - App is started
2022-12-04 13:45:03,782 6523 [main] INFO  o.example.service.AmmunitionService - App is started
2022-12-04 14:17:07,174 3840 [main] INFO  o.example.service.AmmunitionService - App is started
2022-12-04 14:19:06,054 2987 [main] INFO  o.example.service.AmmunitionService - App is started
2022-12-04 14:20:27,537 2931 [main] INFO  o.example.service.AmmunitionService - App is started
2022-12-04 14:20:41,268 2886 [main] INFO  o.example.service.AmmunitionService - App is started
2022-12-04 16:54:05,677 8868 [main] INFO  o.example.service.AmmunitionService - App is started
2022-12-04 18:03:19,312 6691 [main] INFO  o.example.service.AmmunitionService - App is started
2022-12-04 19:30:35,882 5276 [main] INFO  o.example.service.AmmunitionService - App is started
2022-12-04 19:31:49,955 4197 [main] INFO  o.example.service.AmmunitionService - App is started
2022-12-04 19:33:22,878 4127 [main] INFO  o.example.service.AmmunitionService - App is started
2022-12-04 19:34:14,392 3458 [main] INFO  o.example.service.AmmunitionService - App is started
2022-12-04 19:35:25,245 3775 [main] INFO  o.example.service.AmmunitionService - App is started
2022-12-04 19:36:20,542 3546 [main] INFO  o.example.service.AmmunitionService - App is started
